<?xml version="1.0" encoding="UTF-8"?>
<testsuite xmlns:xsi="http://www.w3.org/2001/XMLSchema-instance" xsi:noNamespaceSchemaLocation="https://maven.apache.org/surefire/maven-surefire-plugin/xsd/surefire-test-report.xsd" name="BE.AC.UMONS.PerimetreTest" time="0.008" tests="2" errors="0" skipped="0" failures="0">
  <properties>
    <property name="sun.desktop" value="windows"/>
    <property name="awt.toolkit" value="sun.awt.windows.WToolkit"/>
    <property name="file.encoding.pkg" value="sun.io"/>
    <property name="java.specification.version" value="1.8"/>
    <property name="sun.cpu.isalist" value="amd64"/>
    <property name="sun.jnu.encoding" value="Cp1252"/>
    <property name="java.class.path" value="D:\X-Documents\Documents\TPs - Cours - Projets\TPs Intégration Continue\2020-2021\TP0\Projets\TP0 - Projets_Solution\Calculs_Geo\target\test-classes;D:\X-Documents\Documents\TPs - Cours - Projets\TPs Intégration Continue\2020-2021\TP0\Projets\TP0 - Projets_Solution\Calculs_Geo\target\classes;C:\Users\Yassine Amkrane\.m2\repository\junit\junit\4.11\junit-4.11.jar;C:\Users\Yassine Amkrane\.m2\repository\org\hamcrest\hamcrest-core\1.3\hamcrest-core-1.3.jar;"/>
    <property name="java.vm.vendor" value="Oracle Corporation"/>
    <property name="sun.arch.data.model" value="64"/>
    <property name="user.variant" value=""/>
    <property name="java.vendor.url" value="http://java.oracle.com/"/>
    <property name="user.timezone" value="Europe/Paris"/>
    <property name="java.vm.specification.version" value="1.8"/>
    <property name="os.name" value="Windows 10"/>
    <property name="user.country" value="GB"/>
    <property name="sun.java.launcher" value="SUN_STANDARD"/>
    <property name="sun.boot.library.path" value="C:\Program Files\Java\jdk1.8.0_202\jre\bin"/>
    <property name="sun.java.command" value="C:\Users\YASSIN~1\AppData\Local\Temp\surefire3284484086914961723\surefirebooter4616242330927574505.jar C:\Users\Yassine Amkrane\AppData\Local\Temp\surefire3284484086914961723 2020-10-14T14-41-52_437-jvmRun1 surefire2741445133431143145tmp surefire_0102179681367357339tmp"/>
    <property name="surefire.test.class.path" value="D:\X-Documents\Documents\TPs - Cours - Projets\TPs Intégration Continue\2020-2021\TP0\Projets\TP0 - Projets_Solution\Calculs_Geo\target\test-classes;D:\X-Documents\Documents\TPs - Cours - Projets\TPs Intégration Continue\2020-2021\TP0\Projets\TP0 - Projets_Solution\Calculs_Geo\target\classes;C:\Users\Yassine Amkrane\.m2\repository\junit\junit\4.11\junit-4.11.jar;C:\Users\Yassine Amkrane\.m2\repository\org\hamcrest\hamcrest-core\1.3\hamcrest-core-1.3.jar;"/>
    <property name="sun.cpu.endian" value="little"/>
    <property name="user.home" value="C:\Users\Yassine Amkrane"/>
    <property name="user.language" value="en"/>
    <property name="java.specification.vendor" value="Oracle Corporation"/>
    <property name="java.home" value="C:\Program Files\Java\jdk1.8.0_202\jre"/>
    <property name="basedir" value="D:\X-Documents\Documents\TPs - Cours - Projets\TPs Intégration Continue\2020-2021\TP0\Projets\TP0 - Projets_Solution\Calculs_Geo"/>
    <property name="file.separator" value="\"/>
    <property name="line.separator" value="&#10;"/>
    <property name="java.vm.specification.vendor" value="Oracle Corporation"/>
    <property name="java.specification.name" value="Java Platform API Specification"/>
    <property name="java.awt.graphicsenv" value="sun.awt.Win32GraphicsEnvironment"/>
    <property name="surefire.real.class.path" value="C:\Users\YASSIN~1\AppData\Local\Temp\surefire3284484086914961723\surefirebooter4616242330927574505.jar"/>
    <property name="sun.boot.class.path" value="C:\Program Files\Java\jdk1.8.0_202\jre\lib\resources.jar;C:\Program Files\Java\jdk1.8.0_202\jre\lib\rt.jar;C:\Program Files\Java\jdk1.8.0_202\jre\lib\sunrsasign.jar;C:\Program Files\Java\jdk1.8.0_202\jre\lib\jsse.jar;C:\Program Files\Java\jdk1.8.0_202\jre\lib\jce.jar;C:\Program Files\Java\jdk1.8.0_202\jre\lib\charsets.jar;C:\Program Files\Java\jdk1.8.0_202\jre\lib\jfr.jar;C:\Program Files\Java\jdk1.8.0_202\jre\classes"/>
    <property name="user.script" value=""/>
    <property name="sun.management.compiler" value="HotSpot 64-Bit Tiered Compilers"/>
    <property name="java.runtime.version" value="1.8.0_202-b08"/>
    <property name="user.name" value="Yassine Amkrane"/>
    <property name="path.separator" value=";"/>
    <property name="os.version" value="10.0"/>
    <property name="java.endorsed.dirs" value="C:\Program Files\Java\jdk1.8.0_202\jre\lib\endorsed"/>
    <property name="java.runtime.name" value="Java(TM) SE Runtime Environment"/>
    <property name="file.encoding" value="Cp1252"/>
    <property name="java.vm.name" value="Java HotSpot(TM) 64-Bit Server VM"/>
    <property name="localRepository" value="C:\Users\Yassine Amkrane\.m2\repository"/>
    <property name="java.vendor.url.bug" value="http://bugreport.sun.com/bugreport/"/>
    <property name="java.io.tmpdir" value="C:\Users\YASSIN~1\AppData\Local\Temp\"/>
    <property name="java.version" value="1.8.0_202"/>
    <property name="user.dir" value="D:\X-Documents\Documents\TPs - Cours - Projets\TPs Intégration Continue\2020-2021\TP0\Projets\TP0 - Projets_Solution\Calculs_Geo"/>
    <property name="os.arch" value="amd64"/>
    <property name="java.vm.specification.name" value="Java Virtual Machine Specification"/>
    <property name="java.awt.printerjob" value="sun.awt.windows.WPrinterJob"/>
    <property name="sun.os.patch.level" value=""/>
    <property name="java.library.path" value="C:\Program Files\Java\jdk1.8.0_202\jre\bin;C:\WINDOWS\Sun\Java\bin;C:\WINDOWS\system32;C:\WINDOWS;C:\Program Files\Java\jdk1.8.0_202\bin;C:\Program Files (x86)\Common Files\Oracle\Java\javapath;C:\oraclexe\app\oracle\product\11.2.0\server\bin;c:\maven362\bin;C:\Program Files\Microsoft MPI\Bin\;C:\Python27\Lib\site-packages\PyQt4;C:\Program Files (x86)\Intel\Intel(R) Management Engine Components\iCLS\;C:\Program Files\Intel\Intel(R) Management Engine Components\iCLS\;C:\Windows\system32;C:\Windows;C:\Windows\System32\Wbem;C:\Windows\System32\WindowsPowerShell\v1.0\;C:\Windows\System32\OpenSSH\;C:\Program Files (x86)\NVIDIA Corporation\PhysX\Common;C:\Program Files\Intel\WiFi\bin\;C:\Program Files\Common Files\Intel\WirelessCommon\;C:\Program Files (x86)\Intel\Intel(R) Management Engine Components\DAL;C:\Program Files\Intel\Intel(R) Management Engine Components\DAL;C:\Program Files (x86)\Intel\Intel(R) Management Engine Components\IPT;C:\Program Files\Intel\Intel(R) Management Engine Components\IPT;C:\Program Files\Git\cmd;C:\Program Files\dotnet\;C:\Program Files\Microsoft SQL Server\130\Tools\Binn\;C:\Program Files (x86)\IVI Foundation\VISA\WinNT\Bin;C:\WINDOWS\system32;C:\WINDOWS;C:\WINDOWS\System32\Wbem;C:\WINDOWS\System32\WindowsPowerShell\v1.0\;C:\WINDOWS\System32\OpenSSH\;C:\Program Files\nodejs\;C:\texlive\2019\bin\win32;C:\Users\Yassine Amkrane\Anaconda3;C:\Users\Yassine Amkrane\Anaconda3\Library\mingw-w64\bin;C:\Users\Yassine Amkrane\Anaconda3\Library\usr\bin;C:\Users\Yassine Amkrane\Anaconda3\Library\bin;C:\Users\Yassine Amkrane\Anaconda3\Scripts;C:\Users\Yassine Amkrane\AppData\Local\Microsoft\WindowsApps;C:\Program Files\JetBrains\IntelliJ IDEA 2018.3.5\bin;;C:\Users\Yassine Amkrane\AppData\Local\Programs\MiKTeX 2.9\miktex\bin\x64\;C:\Program Files\JetBrains\PyCharm Community Edition 2020.1.1\bin;;C:\Users\Yassine Amkrane\AppData\Local\Programs\Microsoft VS Code\bin;C:\Users\Yassine Amkrane\AppData\Roaming\npm;C:\Program Files\Java\jdk1.8.0_202\bin;c:\maven362\bin;."/>
    <property name="java.vm.info" value="mixed mode"/>
    <property name="java.vendor" value="Oracle Corporation"/>
    <property name="java.vm.version" value="25.202-b08"/>
    <property name="java.ext.dirs" value="C:\Program Files\Java\jdk1.8.0_202\jre\lib\ext;C:\WINDOWS\Sun\Java\lib\ext"/>
    <property name="sun.io.unicode.encoding" value="UnicodeLittle"/>
    <property name="java.class.version" value="52.0"/>
  </properties>
  <testcase name="perim" classname="BE.AC.UMONS.PerimetreTest" time="0.001"/>
  <testcase name="perimNotEquals" classname="BE.AC.UMONS.PerimetreTest" time="0.002"/>
</testsuite>